AH00558: apache2: Could not reliably determine the server's fully qualified domain name, using 172.28.0.4. Set the 'ServerName' directive globally to suppress this message
[Sun Mar 29 22:08:30.804728 2020] [mpm_prefork:notice] [pid 1] AH00163: Apache/2.4.38 (Debian) PHP/7.4.2 configured -- resuming normal operations
[Sun Mar 29 22:08:30.825290 2020] [core:notice] [pid 1] AH00094: Command line: 'apache2 -D FOREGROUND'
[Sun Mar 29 22:15:16.642407 2020] [mpm_prefork:notice] [pid 1] AH00170: caught SIGWINCH, shutting down gracefully
AH00558: apache2: Could not reliably determine the server's fully qualified domain name, using 172.29.0.4. Set the 'ServerName' directive globally to suppress this message
[Sun Mar 29 22:16:57.401813 2020] [mpm_prefork:notice] [pid 1] AH00163: Apache/2.4.38 (Debian) PHP/7.4.2 configured -- resuming normal operations
[Sun Mar 29 22:16:57.401967 2020] [core:notice] [pid 1] AH00094: Command line: 'apache2 -D FOREGROUND'
[Sun Mar 29 22:20:38.306605 2020] [mpm_prefork:notice] [pid 1] AH00170: caught SIGWINCH, shutting down gracefully
AH00558: apache2: Could not reliably determine the server's fully qualified domain name, using 172.31.0.4. Set the 'ServerName' directive globally to suppress this message
[Sun Mar 29 22:32:38.302333 2020] [mpm_prefork:notice] [pid 1] AH00163: Apache/2.4.38 (Debian) PHP/7.4.2 configured -- resuming normal operations
[Sun Mar 29 22:32:38.302426 2020] [core:notice] [pid 1] AH00094: Command line: 'apache2 -D FOREGROUND'
[Sun Mar 29 22:36:42.789626 2020] [mpm_prefork:notice] [pid 1] AH00170: caught SIGWINCH, shutting down gracefully
AH00558: apache2: Could not reliably determine the server's fully qualified domain name, using 192.168.48.4. Set the 'ServerName' directive globally to suppress this message
[Sun Mar 29 22:45:05.324066 2020] [mpm_prefork:notice] [pid 1] AH00163: Apache/2.4.38 (Debian) PHP/7.4.2 configured -- resuming normal operations
[Sun Mar 29 22:45:05.324167 2020] [core:notice] [pid 1] AH00094: Command line: 'apache2 -D FOREGROUND'
[Sun Mar 29 22:46:07.967416 2020] [mpm_prefork:notice] [pid 1] AH00170: caught SIGWINCH, shutting down gracefully
AH00558: apache2: Could not reliably determine the server's fully qualified domain name, using 192.168.64.5. Set the 'ServerName' directive globally to suppress this message
[Tue Mar 31 03:32:08.995533 2020] [mpm_prefork:notice] [pid 1] AH00163: Apache/2.4.38 (Debian) PHP/7.4.2 configured -- resuming normal operations
[Tue Mar 31 03:32:09.032883 2020] [core:notice] [pid 1] AH00094: Command line: 'apache2 -D FOREGROUND'
[Tue Mar 31 03:36:17.544121 2020] [mpm_prefork:notice] [pid 1] AH00170: caught SIGWINCH, shutting down gracefully
AH00558: apache2: Could not reliably determine the server's fully qualified domain name, using 192.168.80.5. Set the 'ServerName' directive globally to suppress this message
[Tue Mar 31 04:28:41.994648 2020] [mpm_prefork:notice] [pid 1] AH00163: Apache/2.4.38 (Debian) PHP/7.4.2 configured -- resuming normal operations
[Tue Mar 31 04:28:41.994926 2020] [core:notice] [pid 1] AH00094: Command line: 'apache2 -D FOREGROUND'
[Tue Mar 31 04:40:02.165806 2020] [mpm_prefork:notice] [pid 1] AH00170: caught SIGWINCH, shutting down gracefully
AH00558: apache2: Could not reliably determine the server's fully qualified domain name, using 192.168.96.5. Set the 'ServerName' directive globally to suppress this message
[Tue Mar 31 04:44:22.048968 2020] [mpm_prefork:notice] [pid 1] AH00163: Apache/2.4.38 (Debian) PHP/7.4.2 configured -- resuming normal operations
[Tue Mar 31 04:44:22.049256 2020] [core:notice] [pid 1] AH00094: Command line: 'apache2 -D FOREGROUND'
[Tue Mar 31 04:48:13.162983 2020] [mpm_prefork:notice] [pid 1] AH00170: caught SIGWINCH, shutting down gracefully
